Start testing: Mar 28 12:40 Eastern Daylight Time
----------------------------------------------------------
1/1 Testing: HarnessTests
1/1 Test: HarnessTests
Command: "P:/VSCodeDesktop/projects/deluge-test-harness/build-utest/HarnessTests.exe"
Directory: P:/VSCodeDesktop/projects/deluge-test-harness/build-utest
"HarnessTests" start time: Mar 28 12:40 Eastern Daylight Time
Output:
----------------------------------------------------------
........conputeChangeFrom failed with SM01
.conputeChangeFrom failed with SM01
.........................................
..................................................
..................................................
..................................................
..................................................
..................................................
..................................................
..................................................
..................................................
..................................................
..................................................
..................................................
..................................................
..................................................
..................................................
..................................................
..................................................
..................................................
..................................................
..................................................
..................................................
..................................................
..................................................
..................................................
..................................................
..................................................
..................................................
..................................................
..................................................
..................................................
..................................................
..................................................
..................................................
..................................................
..................................................
..................................................
..................................................
..................................................
..................................................
..................................................
..................................................
..................................................
..................................................
..................................................
..................................................
..................................
P:/VSCodeDesktop/projects/deluge-test-harness/tests/meta/upstream_overlap_test.cpp:81: error: Failure in TEST(UpstreamOverlap, allUpstreamFilesTracked)
	Untracked upstream test files (add to knownOverlap or upstreamOnly): polymeter_metronome_tests.cpp 

......
P:/VSCodeDesktop/projects/deluge-test-harness/tests/meta/missing_branch_guard_test.cpp:199: error: Failure in TEST(UnsavedSynthToKitRowGuard, checksExistsOnCardBeforeLoad)
	Message: performLoadSynthToKit must check existsOnCard before loading — unsaved presets have no file on disk, and the existing drum would already be removed before discovering FILE_NOT_FOUND (bugfix/unsaved-synth-to-kit-row)
	CHECK(existsPos != std::string::npos) failed

..........
..................................................
..................................................
..................................................
..................................................
..................................................
..................................................
..................................................
..................................................
..................................................
..................................................
..................................................
..................................................
..................................................
..................................................
..................................................
..................................................
..................................................
..................................................
..................................................
..................................................
..................................................
..................................................
..................................................
..........!...........................!...........
..................................................
..................................................
...............................!!.................
..................................................
..................................................
...........
Errors (2 failures, 3761 tests, 3757 ran, 276841 checks, 4 ignored, 0 filtered out, 503 ms)

<end of output>
Test time =   0.55 sec
----------------------------------------------------------
Test Failed.
"HarnessTests" end time: Mar 28 12:40 Eastern Daylight Time
"HarnessTests" time elapsed: 00:00:00
----------------------------------------------------------

End testing: Mar 28 12:40 Eastern Daylight Time
